[17:55:38] [main/INFO] (FabricLoader/GameProvider) Loading Minecraft 1.19 with Fabric Loader 0.14.9
[17:55:38] [main/INFO] (FabricLoader) Loading 34 mods:
	- fabric 0.58.0+1.19
	- fabric-api-base 0.4.9+e62f51a3a9
	- fabric-api-lookup-api-v1 1.6.7+9ff28f40a9
	- fabric-biome-api-v1 9.0.14+b2a4a624a9
	- fabric-command-api-v2 2.1.2+0d55f585a9
	- fabric-content-registries-v0 3.2.1+07df213ea9
	- fabric-convention-tags-v1 1.0.8+37622d24a9
	- fabric-crash-report-info-v1 0.2.3+bd0a0d4aa9
	- fabric-data-generation-api-v1 5.1.2+a680b9b4a9
	- fabric-dimensions-v1 2.1.28+a6d2f785a9
	- fabric-entity-events-v1 1.4.16+9ff28f40a9
	- fabric-events-interaction-v0 0.4.26+9ff28f40a9
	- fabric-game-rule-api-v1 1.0.19+18990361a9
	- fabric-gametest-api-v1 1.0.33+e62f51a3a9
	- fabric-item-api-v1 1.5.5+35a03c43a9
	- fabric-item-groups-v0 0.3.26+9ff28f40a9
	- fabric-lifecycle-events-v1 2.1.0+33fbc738a9
	- fabric-loot-api-v2 1.1.1+03a4e568a9
	- fabric-message-api-v1 1.0.1+513f4a59a9
	- fabric-mining-level-api-v1 2.1.11+33fbc738a9
	- fabric-networking-api-v1 1.1.0+442de8b8a9
	- fabric-object-builder-api-v1 4.0.8+9ff28f40a9
	- fabric-particles-v1 1.0.8+dc39553aa9
	- fabric-registry-sync-v0 0.9.18+23c4cfefa9
	- fabric-rendering-data-attachment-v1 0.3.12+9ff28f40a9
	- fabric-rendering-fluids-v1 3.0.5+9ff28f40a9
	- fabric-resource-conditions-api-v1 2.0.9+e62f51a3a9
	- fabric-resource-loader-v0 0.5.6+5f1a85e0a9
	- fabric-screen-handler-api-v1 1.2.7+9ff28f40a9
	- fabric-transfer-api-v1 2.0.9+e62f51a3a9
	- fabric-transitive-access-wideners-v1 1.1.1+9e7660c6a9
	- fabricloader 0.14.9
	- java 17
	- minecraft 1.19
[17:55:39] [main/INFO] (FabricLoader/Mixin) SpongePowered MIXIN Subsystem Version=0.8.5 Source=file:/Users/alan/.gradle/caches/modules-2/files-2.1/net.fabricmc/sponge-mixin/0.11.4+mixin.0.8.5/c1dc27696aa4006e492c2485c9ccbcb26045a971/sponge-mixin-0.11.4+mixin.0.8.5.jar Service=Knot/Fabric Env=SERVER
[17:55:39] [main/INFO] (FabricLoader/Mixin) Loaded Fabric development mappings for mixin remapper!
[17:55:39] [main/INFO] (FabricLoader/Mixin) Compatibility level set to JAVA_16
[17:55:40] [main/WARN] (FileUtil) Configuration conflict: there is more than one oshi.properties file on the classpath
[17:55:41] [main/WARN] (FileUtil) Configuration conflict: there is more than one oshi.architecture.properties file on the classpath
[17:55:47] [main/INFO] (Minecraft) Building unoptimized datafixer
[17:55:49] [main/ERROR] (Minecraft) Failed to load properties from file: server.properties
[17:55:49] [main/WARN] (Minecraft) Failed to load eula.txt
[17:55:49] [main/INFO] (Minecraft) You need to agree to the EULA in order to run the server. Go to eula.txt for more info.
